1699366600719:getStudents
1699366678599:getStudents()
1699366737896:addStudent --firstName a --lastName B --age 2
1699366987558:getStudents
1699370844886:a --f a --l b --a 2
1699371070490:a jkj jkj 44
1699371100642:d 1
1699371116302:l
1699371152510:a kjjk jkjkjkjk 11
1699371156155:g
1699371159655:l
1699371735051:a Ivan Ivanov 12
1699371826550:g
1699371862852:a one man 100
1699372233958:a qwe qwe 12
1699372243872:a asd asd 13
1699372253791:a sdf sdf 14
1699372259313:g
1699372278052:d 2
1699372281049:g
1699372924855:d 5
1699373066030:r 1
1699373071238:d 1
1699373076481:g
1699373091626:a jkj jkj 11
1699373113145:g
1699373147112:a kjj jkjkj 44
1699373164502:a Petr Petrov 88
1699373232642:g
1699373363272:d 5
1699373367814:d 3
1699373382934:d 5
1699373451885:d 7
1699375740326:g
1699375754072:d 5
1699375764254:a dd ff 55
1699375923688:g
1699378028581:a f f 5
1699378566517:g
1699432395248:d 4
1699432397332:g
1699432730823:d 3
1699432734106:g
1699432745978:a fjkfjkjf riruiru 33
1699432761213:a Sjkjk Dujkh 77
1699432764484:g
1699433029134:a --f dd --l eee --a 34
1699433036089:g
1699433054017:a a a 23
1699433067638:a s s 32
1699433070461:g
1699434399856:a Asdf Sdfg 54
1699434415860:aGgggg Hhhhh 22
1699434429251:a Ggggg Hhhhh 22
1699434433751:g
1699434585426:a a a 4
1699434592129:a t t 5
1699434594789:g
1699434603838:d 4
1699434606396:g
1699434618309:c
1699434621732:g
1699434645179:a a a 4
1699434647525:g
1699434835311:a Aaaaaa Ssssssssss 33
1699434838850:g
1699434843494:d 2
1699434845290:g
1699445222597:a d g 6
1699445230108:a ffff rrrr 66
1699445233235:g
1699445278350:d 7
1699445285737:d 5
1699445290467:g
1699445296418:c
1699445305461:a a a 7
1699447223405:g
1699447229499:d 2
1699447232318:g
1699453263747:d 2
1699453266103:g
